#
# A fatal error has been detected by the Java Runtime Environment:
#
#  EXCEPTION_ACCESS_VIOLATION (0xc0000005) at pc=0x00007ffe3dca0e0e, pid=3756, tid=15876
#
# JRE version:  (15.0.2+7) (build )
# Java VM: Java HotSpot(TM) 64-Bit Server VM (15.0.2+7-27, mixed mode, sharing, tiered, compressed oops, g1 gc, windows-amd64)
# Problematic frame:
# V  [jvm.dll+0x290e0e]
#
# No core dump will be written. Minidumps are not enabled by default on client versions of Windows
#
#

---------------  S U M M A R Y ------------

Command Line: -Xmx64m -Xms64m -Dorg.gradle.appname=gradlew org.gradle.wrapper.GradleWrapperMain -t build

Host: Intel(R) Core(TM) i7-8565U CPU @ 1.80GHz, 8 cores, 11G,  Windows 10 , 64 bit Build 19041 (10.0.19041.1348)
Time: Thu Dec 16 21:07:39 2021 Iran Standard Time elapsed time: 0.020221 seconds (0d 0h 0m 0s)

---------------  T H R E A D  ---------------

Current thread (0x0000024a78f91850):  JavaThread "Unknown thread" [_thread_in_vm, id=15876, stack(0x0000008f0e000000,0x0000008f0e100000)]

Stack: [0x0000008f0e000000,0x0000008f0e100000],  sp=0x0000008f0e0fee50,  free space=1019k
Native frames: (J=compiled Java code, j=interpreted, Vv=VM code, C=native code)
V  [jvm.dll+0x290e0e]
V  [jvm.dll+0x29125a]
V  [jvm.dll+0x5d72cb]
V  [jvm.dll+0x5d74b3]
V  [jvm.dll+0x5d6ceb]
V  [jvm.dll+0x5d0ca0]
V  [jvm.dll+0x75e275]
V  [jvm.dll+0x3341c4]
V  [jvm.dll+0x73e926]
V  [jvm.dll+0x3b7557]
V  [jvm.dll+0x3b8fe1]
C  [jli.dll+0x52fb]
C  [ucrtbase.dll+0x21bb2]
C  [KERNEL32.DLL+0x17034]
C  [ntdll.dll+0x52651]


siginfo: EXCEPTION_ACCESS_VIOLATION (0xc0000005), reading address 0x0000000000000000


Registers:
RAX=0x0000414194e12251, RBX=0x0000000000000000, RCX=0x0000000000000000, RDX=0x00007ffe3e291c01
RSP=0x0000008f0e0fee50, RBP=0x0000000000000001, RSI=0x0000000800acecb0, RDI=0x0000000000000000
R8 =0x0000000000000001, R9 =0x0000000000000001, R10=0x0000024a7904da90, R11=0x0000008f0e0fed90
R12=0x0000000000000000, R13=0x0000024a76e37340, R14=0x0000000000000001, R15=0x0000000000000008
RIP=0x00007ffe3dca0e0e, EFLAGS=0x0000000000010246

Top of Stack: (sp=0x0000008f0e0fee50)
0x0000008f0e0fee50:   0000000800400000 0000000000010000
0x0000008f0e0fee60:   0000000000002000 00007ffe00000004
0x0000008f0e0fee70:   0000000000750000 00007ffe3e02f600
0x0000008f0e0fee80:   0000000800b50000 000000000000000c
0x0000008f0e0fee90:   0000414194e121d1 0000000000000000
0x0000008f0e0feea0:   0000414194e12251 0000000800000000
0x0000008f0e0feeb0:   0000000000000000 00007ffe3dca125a
0x0000008f0e0feec0:   0000000000000002 0000000000000000
0x0000008f0e0feed0:   0000000000000000 0000024a78faca30
0x0000008f0e0feee0:   0000000800aceca8 00007ffe00000001
0x0000008f0e0feef0:   0000008f0e0fef00 00007ffe3e18ef0d
0x0000008f0e0fef00:   0000000000000000 0000000000000000
0x0000008f0e0fef10:   0000000000000000 0000000000000000
0x0000008f0e0fef20:   ffffffff37202000 3a37303a30322000
0x0000008f0e0fef30:   0000414194e122c1 0000000000000000
0x0000008f0e0fef40:   0000024a76e37340 0000000000000000 

Instructions: (pc=0x00007ffe3dca0e0e)
0x00007ffe3dca0d0e:   cc e8 9c c0 f3 ff 49 83 7e 08 00 48 8b f8 75 2f
0x00007ffe3dca0d1e:   8b 94 24 80 00 00 00 4d 8b c6 48 8b 4c 24 20 e8
0x00007ffe3dca0d2e:   0e 1d f2 ff 4c 63 84 24 80 00 00 00 48 8b d7 48
0x00007ffe3dca0d3e:   8b d8 48 8d 48 04 e8 0d 90 54 00 49 89 5f 20 48
0x00007ffe3dca0d4e:   8b 9c 24 88 00 00 00 48 83 7d 00 00 74 15 48 8b
0x00007ffe3dca0d5e:   54 24 28 48 8b ce e8 97 7b e0 ff 48 8b cd e8 ff
0x00007ffe3dca0d6e:   7a e0 ff 48 89 6e 10 4c 89 6e 18 48 89 5e 20 48
0x00007ffe3dca0d7e:   8b 5c 24 70 48 83 c4 30 41 5f 41 5e 41 5d 41 5c
0x00007ffe3dca0d8e:   5f 5e 5d c3 41 c6 07 02 eb b5 cc cc cc cc cc cc
0x00007ffe3dca0d9e:   cc cc 40 53 48 83 ec 20 48 8b d9 e8 92 96 39 00
0x00007ffe3dca0dae:   ff c8 48 63 c8 48 8b 43 28 48 03 c1 48 f7 d1 48
0x00007ffe3dca0dbe:   23 c1 48 83 c4 20 5b c3 cc cc cc cc cc cc cc cc
0x00007ffe3dca0dce:   cc cc 48 89 5c 24 10 48 89 6c 24 18 48 89 74 24
0x00007ffe3dca0dde:   20 57 48 83 ec 60 48 8b 05 2d f0 79 00 48 33 c4
0x00007ffe3dca0dee:   48 89 44 24 50 80 3d 9f c2 76 00 00 0f b6 ea 48
0x00007ffe3dca0dfe:   8b f1 74 17 80 39 00 75 12 48 8b 0d 2a 88 7c 00
0x00007ffe3dca0e0e:   48 8b 01 ff 50 20 48 8b d8 eb 08 48 8b 59 18 48
0x00007ffe3dca0e1e:   83 c3 04 48 83 3d 17 89 7c 00 00 40 b7 01 74 0f
0x00007ffe3dca0e2e:   48 8b d3 48 8d 0d 60 0a 5f 00 e8 d3 26 f3 ff 48
0x00007ffe3dca0e3e:   8d 54 24 20 48 8b cb e8 16 8b 39 00 85 c0 74 19
0x00007ffe3dca0e4e:   40 84 ed 74 14 48 8b d3 48 8d 0d 63 0a 5f 00 e8
0x00007ffe3dca0e5e:   3e dd ff ff 40 32 ff eb 78 80 3e 03 75 20 48 8b
0x00007ffe3dca0e6e:   cb e8 2c 38 39 00 84 c0 75 67 48 8b d3 48 8d 0d
0x00007ffe3dca0e7e:   6e 0a 5f 00 e8 19 dd ff ff 40 32 ff eb 53 48 8b
0x00007ffe3dca0e8e:   56 08 4c 8b 44 24 40 48 85 d2 74 05 49 3b d0 75
0x00007ffe3dca0e9e:   09 8b 44 24 34 39 46 10 74 37 40 32 ff 40 38 3d
0x00007ffe3dca0eae:   9c 22 7f 00 74 1c 49 3b d0 48 8d 05 52 0a 5f 00
0x00007ffe3dca0ebe:   48 8d 0d 63 0a 5f 00 48 0f 45 c8 e8 d2 dc ff ff
0x00007ffe3dca0ece:   eb 0f 48 8b d3 48 8d 0d 66 0a 5f 00 e8 c1 dc ff
0x00007ffe3dca0ede:   ff 80 3d 68 22 7f 00 00 74 10 40 84 ff 75 0b c6
0x00007ffe3dca0eee:   05 65 60 80 00 01 b0 01 eb 04 40 0f b6 c7 48 8b
0x00007ffe3dca0efe:   4c 24 50 48 33 cc e8 d7 7c 54 00 4c 8d 5c 24 60 



---------------  P R O C E S S  ---------------

Threads class SMR info:
_java_thread_list=0x00007ffe3e4d4ff0, length=0, elements={
}

Java Threads: ( => current thread )

Other Threads:
  0x0000024a78fb2390 GCTaskThread "GC Thread#0" [stack: 0x0000008f0e100000,0x0000008f0e200000] [id=6732]
  0x0000024a78fb3e60 ConcurrentGCThread "G1 Main Marker" [stack: 0x0000008f0e200000,0x0000008f0e300000] [id=14016]
  0x0000024a78fb4ad0 ConcurrentGCThread "G1 Conc#0" [stack: 0x0000008f0e300000,0x0000008f0e400000] [id=16956]
  0x0000024a790480b0 ConcurrentGCThread "G1 Refine#0" [stack: 0x0000008f0e400000,0x0000008f0e500000] [id=8040]
  0x0000024a79049cc0 ConcurrentGCThread "G1 Young RemSet Sampling" [stack: 0x0000008f0e500000,0x0000008f0e600000] [id=1792]

=>0x0000024a78f91850 (exited) JavaThread "Unknown thread" [_thread_in_vm, id=15876, stack(0x0000008f0e000000,0x0000008f0e100000)]

Threads with active compile tasks:

VM state: not at safepoint (not fully initialized)

VM Mutex/Monitor currently owned by a thread: None

Heap address: 0x00000000fc000000, size: 64 MB, Compressed Oops mode: 32-bit
CDS archive(s) mapped at: [0x0000000000000000-0x0000000000000000-0x0000000000000000), size 0, SharedBaseAddress: 0x0000000800000000, ArchiveRelocationMode: 0.
Narrow klass base: 0x0000000000000000, Narrow klass shift: 0, Narrow klass range: 0x0

GC Precious Log:
 CPUs: 8 total, 8 available
 Memory: 12139M
 Large Page Support: Disabled
 NUMA Support: Disabled
 Compressed Oops: Enabled (32-bit)
 Heap Region Size: 1M
 Heap Min Capacity: 64M
 Heap Initial Capacity: 64M
 Heap Max Capacity: 64M
 Pre-touch: Disabled
 Parallel Workers: 8
 Concurrent Workers: 2
 Concurrent Refinement Workers: 8
 Periodic GC: Disabled

Heap:
 garbage-first heap   total 65536K, used 0K [0x00000000fc000000, 0x0000000100000000)
  region size 1024K, 0 young (0K), 0 survivors (0K)
 Metaspace       used 0K, capacity 0K, committed 0K, reserved 0K
  class space    used 0K, capacity 0K, committed 0K, reserved 0K

Heap Regions: E=young(eden), S=young(survivor), O=old, HS=humongous(starts), HC=humongous(continues), CS=collection set, F=free, OA=open archive, CA=closed archive, TAMS=top-at-mark-start (previous, next)
|   0|0x00000000fc000000, 0x00000000fc000000, 0x00000000fc100000|  0%| F|  |TAMS 0x00000000fc000000, 0x00000000fc000000| Untracked 
|   1|0x00000000fc100000, 0x00000000fc100000, 0x00000000fc200000|  0%| F|  |TAMS 0x00000000fc100000, 0x00000000fc100000| Untracked 
|   2|0x00000000fc200000, 0x00000000fc200000, 0x00000000fc300000|  0%| F|  |TAMS 0x00000000fc200000, 0x00000000fc200000| Untracked 
|   3|0x00000000fc300000, 0x00000000fc300000, 0x00000000fc400000|  0%| F|  |TAMS 0x00000000fc300000, 0x00000000fc300000| Untracked 
|   4|0x00000000fc400000, 0x00000000fc400000, 0x00000000fc500000|  0%| F|  |TAMS 0x00000000fc400000, 0x00000000fc400000| Untracked 
|   5|0x00000000fc500000, 0x00000000fc500000, 0x00000000fc600000|  0%| F|  |TAMS 0x00000000fc500000, 0x00000000fc500000| Untracked 
|   6|0x00000000fc600000, 0x00000000fc600000, 0x00000000fc700000|  0%| F|  |TAMS 0x00000000fc600000, 0x00000000fc600000| Untracked 
|   7|0x00000000fc700000, 0x00000000fc700000, 0x00000000fc800000|  0%| F|  |TAMS 0x00000000fc700000, 0x00000000fc700000| Untracked 
|   8|0x00000000fc800000, 0x00000000fc800000, 0x00000000fc900000|  0%| F|  |TAMS 0x00000000fc800000, 0x00000000fc800000| Untracked 
|   9|0x00000000fc900000, 0x00000000fc900000, 0x00000000fca00000|  0%| F|  |TAMS 0x00000000fc900000, 0x00000000fc900000| Untracked 
|  10|0x00000000fca00000, 0x00000000fca00000, 0x00000000fcb00000|  0%| F|  |TAMS 0x00000000fca00000, 0x00000000fca00000| Untracked 
|  11|0x00000000fcb00000, 0x00000000fcb00000, 0x00000000fcc00000|  0%| F|  |TAMS 0x00000000fcb00000, 0x00000000fcb00000| Untracked 
|  12|0x00000000fcc00000, 0x00000000fcc00000, 0x00000000fcd00000|  0%| F|  |TAMS 0x00000000fcc00000, 0x00000000fcc00000| Untracked 
|  13|0x00000000fcd00000, 0x00000000fcd00000, 0x00000000fce00000|  0%| F|  |TAMS 0x00000000fcd00000, 0x00000000fcd00000| Untracked 
|  14|0x00000000fce00000, 0x00000000fce00000, 0x00000000fcf00000|  0%| F|  |TAMS 0x00000000fce00000, 0x00000000fce00000| Untracked 
|  15|0x00000000fcf00000, 0x00000000fcf00000, 0x00000000fd000000|  0%| F|  |TAMS 0x00000000fcf00000, 0x00000000fcf00000| Untracked 
|  16|0x00000000fd000000, 0x00000000fd000000, 0x00000000fd100000|  0%| F|  |TAMS 0x00000000fd000000, 0x00000000fd000000| Untracked 
|  17|0x00000000fd100000, 0x00000000fd100000, 0x00000000fd200000|  0%| F|  |TAMS 0x00000000fd100000, 0x00000000fd100000| Untracked 
|  18|0x00000000fd200000, 0x00000000fd200000, 0x00000000fd300000|  0%| F|  |TAMS 0x00000000fd200000, 0x00000000fd200000| Untracked 
|  19|0x00000000fd300000, 0x00000000fd300000, 0x00000000fd400000|  0%| F|  |TAMS 0x00000000fd300000, 0x00000000fd300000| Untracked 
|  20|0x00000000fd400000, 0x00000000fd400000, 0x00000000fd500000|  0%| F|  |TAMS 0x00000000fd400000, 0x00000000fd400000| Untracked 
|  21|0x00000000fd500000, 0x00000000fd500000, 0x00000000fd600000|  0%| F|  |TAMS 0x00000000fd500000, 0x00000000fd500000| Untracked 
|  22|0x00000000fd600000, 0x00000000fd600000, 0x00000000fd700000|  0%| F|  |TAMS 0x00000000fd600000, 0x00000000fd600000| Untracked 
|  23|0x00000000fd700000, 0x00000000fd700000, 0x00000000fd800000|  0%| F|  |TAMS 0x00000000fd700000, 0x00000000fd700000| Untracked 
|  24|0x00000000fd800000, 0x00000000fd800000, 0x00000000fd900000|  0%| F|  |TAMS 0x00000000fd800000, 0x00000000fd800000| Untracked 
|  25|0x00000000fd900000, 0x00000000fd900000, 0x00000000fda00000|  0%| F|  |TAMS 0x00000000fd900000, 0x00000000fd900000| Untracked 
|  26|0x00000000fda00000, 0x00000000fda00000, 0x00000000fdb00000|  0%| F|  |TAMS 0x00000000fda00000, 0x00000000fda00000| Untracked 
|  27|0x00000000fdb00000, 0x00000000fdb00000, 0x00000000fdc00000|  0%| F|  |TAMS 0x00000000fdb00000, 0x00000000fdb00000| Untracked 
|  28|0x00000000fdc00000, 0x00000000fdc00000, 0x00000000fdd00000|  0%| F|  |TAMS 0x00000000fdc00000, 0x00000000fdc00000| Untracked 
|  29|0x00000000fdd00000, 0x00000000fdd00000, 0x00000000fde00000|  0%| F|  |TAMS 0x00000000fdd00000, 0x00000000fdd00000| Untracked 
|  30|0x00000000fde00000, 0x00000000fde00000, 0x00000000fdf00000|  0%| F|  |TAMS 0x00000000fde00000, 0x00000000fde00000| Untracked 
|  31|0x00000000fdf00000, 0x00000000fdf00000, 0x00000000fe000000|  0%| F|  |TAMS 0x00000000fdf00000, 0x00000000fdf00000| Untracked 
|  32|0x00000000fe000000, 0x00000000fe000000, 0x00000000fe100000|  0%| F|  |TAMS 0x00000000fe000000, 0x00000000fe000000| Untracked 
|  33|0x00000000fe100000, 0x00000000fe100000, 0x00000000fe200000|  0%| F|  |TAMS 0x00000000fe100000, 0x00000000fe100000| Untracked 
|  34|0x00000000fe200000, 0x00000000fe200000, 0x00000000fe300000|  0%| F|  |TAMS 0x00000000fe200000, 0x00000000fe200000| Untracked 
|  35|0x00000000fe300000, 0x00000000fe300000, 0x00000000fe400000|  0%| F|  |TAMS 0x00000000fe300000, 0x00000000fe300000| Untracked 
|  36|0x00000000fe400000, 0x00000000fe400000, 0x00000000fe500000|  0%| F|  |TAMS 0x00000000fe400000, 0x00000000fe400000| Untracked 
|  37|0x00000000fe500000, 0x00000000fe500000, 0x00000000fe600000|  0%| F|  |TAMS 0x00000000fe500000, 0x00000000fe500000| Untracked 
|  38|0x00000000fe600000, 0x00000000fe600000, 0x00000000fe700000|  0%| F|  |TAMS 0x00000000fe600000, 0x00000000fe600000| Untracked 
|  39|0x00000000fe700000, 0x00000000fe700000, 0x00000000fe800000|  0%| F|  |TAMS 0x00000000fe700000, 0x00000000fe700000| Untracked 
|  40|0x00000000fe800000, 0x00000000fe800000, 0x00000000fe900000|  0%| F|  |TAMS 0x00000000fe800000, 0x00000000fe800000| Untracked 
|  41|0x00000000fe900000, 0x00000000fe900000, 0x00000000fea00000|  0%| F|  |TAMS 0x00000000fe900000, 0x00000000fe900000| Untracked 
|  42|0x00000000fea00000, 0x00000000fea00000, 0x00000000feb00000|  0%| F|  |TAMS 0x00000000fea00000, 0x00000000fea00000| Untracked 
|  43|0x00000000feb00000, 0x00000000feb00000, 0x00000000fec00000|  0%| F|  |TAMS 0x00000000feb00000, 0x00000000feb00000| Untracked 
|  44|0x00000000fec00000, 0x00000000fec00000, 0x00000000fed00000|  0%| F|  |TAMS 0x00000000fec00000, 0x00000000fec00000| Untracked 
|  45|0x00000000fed00000, 0x00000000fed00000, 0x00000000fee00000|  0%| F|  |TAMS 0x00000000fed00000, 0x00000000fed00000| Untracked 
|  46|0x00000000fee00000, 0x00000000fee00000, 0x00000000fef00000|  0%| F|  |TAMS 0x00000000fee00000, 0x00000000fee00000| Untracked 
|  47|0x00000000fef00000, 0x00000000fef00000, 0x00000000ff000000|  0%| F|  |TAMS 0x00000000fef00000, 0x00000000fef00000| Untracked 
|  48|0x00000000ff000000, 0x00000000ff000000, 0x00000000ff100000|  0%| F|  |TAMS 0x00000000ff000000, 0x00000000ff000000| Untracked 
|  49|0x00000000ff100000, 0x00000000ff100000, 0x00000000ff200000|  0%| F|  |TAMS 0x00000000ff100000, 0x00000000ff100000| Untracked 
|  50|0x00000000ff200000, 0x00000000ff200000, 0x00000000ff300000|  0%| F|  |TAMS 0x00000000ff200000, 0x00000000ff200000| Untracked 
|  51|0x00000000ff300000, 0x00000000ff300000, 0x00000000ff400000|  0%| F|  |TAMS 0x00000000ff300000, 0x00000000ff300000| Untracked 
|  52|0x00000000ff400000, 0x00000000ff400000, 0x00000000ff500000|  0%| F|  |TAMS 0x00000000ff400000, 0x00000000ff400000| Untracked 
|  53|0x00000000ff500000, 0x00000000ff500000, 0x00000000ff600000|  0%| F|  |TAMS 0x00000000ff500000, 0x00000000ff500000| Untracked 
|  54|0x00000000ff600000, 0x00000000ff600000, 0x00000000ff700000|  0%| F|  |TAMS 0x00000000ff600000, 0x00000000ff600000| Untracked 
|  55|0x00000000ff700000, 0x00000000ff700000, 0x00000000ff800000|  0%| F|  |TAMS 0x00000000ff700000, 0x00000000ff700000| Untracked 
|  56|0x00000000ff800000, 0x00000000ff800000, 0x00000000ff900000|  0%| F|  |TAMS 0x00000000ff800000, 0x00000000ff800000| Untracked 
|  57|0x00000000ff900000, 0x00000000ff900000, 0x00000000ffa00000|  0%| F|  |TAMS 0x00000000ff900000, 0x00000000ff900000| Untracked 
|  58|0x00000000ffa00000, 0x00000000ffa00000, 0x00000000ffb00000|  0%| F|  |TAMS 0x00000000ffa00000, 0x00000000ffa00000| Untracked 
|  59|0x00000000ffb00000, 0x00000000ffb00000, 0x00000000ffc00000|  0%| F|  |TAMS 0x00000000ffb00000, 0x00000000ffb00000| Untracked 
|  60|0x00000000ffc00000, 0x00000000ffc00000, 0x00000000ffd00000|  0%| F|  |TAMS 0x00000000ffc00000, 0x00000000ffc00000| Untracked 
|  61|0x00000000ffd00000, 0x00000000ffd00000, 0x00000000ffe00000|  0%| F|  |TAMS 0x00000000ffd00000, 0x00000000ffd00000| Untracked 
|  62|0x00000000ffe00000, 0x00000000ffe00000, 0x00000000fff00000|  0%| F|  |TAMS 0x00000000ffe00000, 0x00000000ffe00000| Untracked 
|  63|0x00000000fff00000, 0x00000000fff00000, 0x0000000100000000|  0%| F|  |TAMS 0x00000000fff00000, 0x00000000fff00000| Untracked 

Card table byte_map: [0x0000024a76fa0000,0x0000024a76fc0000] _byte_map_base: 0x0000024a767c0000

Marking Bits (Prev, Next): (CMBitMap*) 0x0000024a78fb2c00, (CMBitMap*) 0x0000024a78fb2c40
 Prev Bits: [0x0000024a793a0000, 0x0000024a794a0000)
 Next Bits: [0x0000024a794a0000, 0x0000024a795a0000)

GC Heap History (0 events):
No events

Deoptimization events (0 events):
No events

Classes unloaded (0 events):
No events

Classes redefined (0 events):
No events

Internal exceptions (0 events):
No events

Events (2 events):
Event: 0.005 Loaded shared library C:\Program Files\Java\jdk-15.0.2\bin\java.dll
Event: 0.007 Loaded shared library C:\Program Files\Java\jdk-15.0.2\bin\zip.dll


Dynamic libraries:
0x00007ff7c17c0000 - 0x00007ff7c17cf000 	C:\Program Files\Java\jdk-15.0.2\bin\java.exe
0x00007ffec84f0000 - 0x00007ffec86e5000 	C:\WINDOWS\SYSTEM32\ntdll.dll
0x00007ffec7bb0000 - 0x00007ffec7c6e000 	C:\WINDOWS\System32\KERNEL32.DLL
0x00007ffec60b0000 - 0x00007ffec6378000 	C:\WINDOWS\System32\KERNELBASE.dll
0x00007ffec5c10000 - 0x00007ffec5d10000 	C:\WINDOWS\System32\ucrtbase.dll
0x00007ffea7da0000 - 0x00007ffea7db9000 	C:\Program Files\Java\jdk-15.0.2\bin\VCRUNTIME140.dll
0x00007ffe99930000 - 0x00007ffe99948000 	C:\Program Files\Java\jdk-15.0.2\bin\jli.dll
0x00007ffec65f0000 - 0x00007ffec669c000 	C:\WINDOWS\System32\ADVAPI32.dll
0x00007ffec7cd0000 - 0x00007ffec7d6e000 	C:\WINDOWS\System32\msvcrt.dll
0x00007ffec6800000 - 0x00007ffec689b000 	C:\WINDOWS\System32\sechost.dll
0x00007ffec7a80000 - 0x00007ffec7baa000 	C:\WINDOWS\System32\RPCRT4.dll
0x00007ffec6d80000 - 0x00007ffec6f21000 	C:\WINDOWS\System32\USER32.dll
0x00007ffec5f90000 - 0x00007ffec5fb2000 	C:\WINDOWS\System32\win32u.dll
0x00007ffec6d50000 - 0x00007ffec6d7b000 	C:\WINDOWS\System32\GDI32.dll
0x00007ffec6380000 - 0x00007ffec648b000 	C:\WINDOWS\System32\gdi32full.dll
0x00007ffec5e70000 - 0x00007ffec5f0d000 	C:\WINDOWS\System32\msvcp_win.dll
0x00007ffeae730000 - 0x00007ffeae9ca000 	C:\WINDOWS\WinSxS\amd64_microsoft.windows.common-controls_6595b64144ccf1df_6.0.19041.1110_none_60b5254171f9507e\COMCTL32.dll
0x00007ffebc880000 - 0x00007ffebc88a000 	C:\WINDOWS\SYSTEM32\VERSION.dll
0x00007ffec67d0000 - 0x00007ffec6800000 	C:\WINDOWS\System32\IMM32.DLL
0x00007ffeb04d0000 - 0x00007ffeb04dc000 	C:\Program Files\Java\jdk-15.0.2\bin\vcruntime140_1.dll
0x00007ffe79590000 - 0x00007ffe79621000 	C:\Program Files\Java\jdk-15.0.2\bin\msvcp140.dll
0x00007ffe3da10000 - 0x00007ffe3e56e000 	C:\Program Files\Java\jdk-15.0.2\bin\server\jvm.dll
0x00007ffec68c0000 - 0x00007ffec68c8000 	C:\WINDOWS\System32\PSAPI.DLL
0x00007ffebdb40000 - 0x00007ffebdb49000 	C:\WINDOWS\SYSTEM32\WSOCK32.dll
0x00007ffeacc40000 - 0x00007ffeacc67000 	C:\WINDOWS\SYSTEM32\WINMM.dll
0x00007ffec7a10000 - 0x00007ffec7a7b000 	C:\WINDOWS\System32\WS2_32.dll
0x00007ffec3b10000 - 0x00007ffec3b22000 	C:\WINDOWS\SYSTEM32\kernel.appcore.dll
0x00007ffeafe60000 - 0x00007ffeafe6a000 	C:\Program Files\Java\jdk-15.0.2\bin\jimage.dll
0x00007ffebe820000 - 0x00007ffebea04000 	C:\WINDOWS\SYSTEM32\DBGHELP.DLL
0x00007ffeac6a0000 - 0x00007ffeac6cc000 	C:\WINDOWS\SYSTEM32\dbgcore.DLL
0x00007ffec6020000 - 0x00007ffec60a3000 	C:\WINDOWS\System32\bcryptPrimitives.dll
0x00007ffe8e1d0000 - 0x00007ffe8e1f5000 	C:\Program Files\Java\jdk-15.0.2\bin\java.dll
0x00007ffe8a120000 - 0x00007ffe8a138000 	C:\Program Files\Java\jdk-15.0.2\bin\zip.dll

dbghelp: loaded successfully - version: 4.0.5 - missing functions: none
symbol engine: initialized successfully - sym options: 0x614 - pdb path: .;C:\Program Files\Java\jdk-15.0.2\bin;C:\WINDOWS\SYSTEM32;C:\WINDOWS\WinSxS\amd64_microsoft.windows.common-controls_6595b64144ccf1df_6.0.19041.1110_none_60b5254171f9507e;C:\Program Files\Java\jdk-15.0.2\bin\server

VM Arguments:
jvm_args: -Xmx64m -Xms64m -Dorg.gradle.appname=gradlew 
java_command: org.gradle.wrapper.GradleWrapperMain -t build
java_class_path (initial): P:\Kotlin\Project\ServerCodes\BorutoServer\\gradle\wrapper\gradle-wrapper.jar
Launcher Type: SUN_STANDARD

[Global flags]
     intx CICompilerCount                          = 4                                         {product} {ergonomic}
     uint ConcGCThreads                            = 2                                         {product} {ergonomic}
     uint G1ConcRefinementThreads                  = 8                                         {product} {ergonomic}
   size_t G1HeapRegionSize                         = 1048576                                   {product} {ergonomic}
    uintx GCDrainStackTargetSize                   = 64                                        {product} {ergonomic}
   size_t InitialHeapSize                          = 67108864                                  {product} {command line}
   size_t MarkStackSize                            = 4194304                                   {product} {ergonomic}
   size_t MaxHeapSize                              = 67108864                                  {product} {command line}
   size_t MaxNewSize                               = 39845888                                  {product} {ergonomic}
   size_t MinHeapDeltaBytes                        = 1048576                                   {product} {ergonomic}
   size_t MinHeapSize                              = 67108864                                  {product} {command line}
    uintx NonNMethodCodeHeapSize                   = 5839372                                {pd product} {ergonomic}
    uintx NonProfiledCodeHeapSize                  = 122909434                              {pd product} {ergonomic}
    uintx ProfiledCodeHeapSize                     = 122909434                              {pd product} {ergonomic}
    uintx ReservedCodeCacheSize                    = 251658240                              {pd product} {ergonomic}
     bool SegmentedCodeCache                       = true                                      {product} {ergonomic}
   size_t SoftMaxHeapSize                          = 67108864                               {manageable} {ergonomic}
     bool UseCompressedClassPointers               = true                                 {lp64_product} {ergonomic}
     bool UseCompressedOops                        = true                                 {lp64_product} {ergonomic}
     bool UseG1GC                                  = true                                      {product} {ergonomic}
     bool UseLargePagesIndividualAllocation        = false                                  {pd product} {ergonomic}

Logging:
Log output configuration:
 #0: stdout all=warning uptime,level,tags
 #1: stderr all=off uptime,level,tags

Environment Variables:
JAVA_HOME=C:\Program Files\Java\jdk-15.0.2
CLASSPATH=P:\Kotlin\Project\ServerCodes\BorutoServer\\gradle\wrapper\gradle-wrapper.jar
PATH=C:\Program Files\Common Files\Oracle\Java\javapath;C:\Program Files (x86)\Common Files\Oracle\Java\javapath;C:\Program Files (x86)\Common Files\Intel\Shared Libraries\redist\intel64\compiler;C:\Windows\system32;C:\Windows;C:\Windows\System32\Wbem;C:\Windows\System32\WindowsPowerShell\v1.0\;C:\Windows\System32\OpenSSH\;C:\Program Files (x86)\NVIDIA Corporation\PhysX\Common;C:\Program Files\Java\jdk-14.0.2\bin;C:\WINDOWS\system32;C:\WINDOWS;C:\WINDOWS\System32\Wbem;C:\WINDOWS\System32\WindowsPowerShell\v1.0\;C:\WINDOWS\System32\OpenSSH\;C:\Program Files (x86)\mingw-w64\x86_64-8.1.0-win32-seh-rt_v6-rev0\mingw64\bin;C:\Python27\Scripts;C:\Program Files\nodejs\;C:\ProgramData\chocolatey\bin;C:\Program Files\Git\cmd;C:\Users\Javad\AppData\Local\Programs\Python\Python39\Scripts\;C:\Users\Javad\AppData\Local\Programs\Python\Python39\;C:\Users\Javad\AppData\Local\Microsoft\WindowsApps;C:\Users\Javad\AppData\Local\atom\bin;C:\Users\Javad\AppData\Local\Microsoft\WindowsApps;S:\Microsoft VS Code\bin;C:\Program Files\JetBrains\PyCharm 2020.3.1\bin;;C:\Users\Javad\AppData\Roaming\npm;C:\Program Files\MongoDB\Server\4.4\bin;
USERNAME=Javad
OS=Windows_NT
PROCESSOR_IDENTIFIER=Intel64 Family 6 Model 142 Stepping 12, GenuineIntel



---------------  S Y S T E M  ---------------

OS:
 Windows 10 , 64 bit Build 19041 (10.0.19041.1348)
OS uptime: 3 days 1:38 hours

CPU: total 8 (initial active 8) (4 cores per cpu, 2 threads per core) family 6 model 142 stepping 12 microcode 0xb8, cmov, cx8, fxsr, mmx, sse, sse2, sse3, ssse3, sse4.1, sse4.2, popcnt, vzeroupper, avx, avx2, aes, clmul, erms, 3dnowpref, lzcnt, ht, tsc, tscinvbit, bmi1, bmi2, adx, fma, clflush, clflushopt

Memory: 4k page, system-wide physical 12139M (2403M free)
TotalPageFile size 20075M (AvailPageFile size 6104M)
current process WorkingSet (physical memory assigned to process): 10M, peak: 10M
current process commit charge ("private bytes"): 137M, peak: 137M

vm_info: Java HotSpot(TM) 64-Bit Server VM (15.0.2+7-27) for windows-amd64 JRE (15.0.2+7-27), built on Dec  7 2020 20:07:01 by "mach5one" with unknown MS VC++:1925

END.
